2018-09-22 13:12:43,332 INFO o.a.j.u.JMeterUtils: Setting Locale to en_US
2018-09-22 13:12:43,410 INFO o.a.j.JMeter: Loading user properties from: user.properties
2018-09-22 13:12:43,410 INFO o.a.j.JMeter: Loading system properties from: system.properties
2018-09-22 13:12:43,441 INFO o.a.j.JMeter: Copyright (c) 1998-2018 The Apache Software Foundation
2018-09-22 13:12:43,441 INFO o.a.j.JMeter: Version 5.0 r1840935
2018-09-22 13:12:43,441 INFO o.a.j.JMeter: java.version=1.8.0_151
2018-09-22 13:12:43,441 INFO o.a.j.JMeter: java.vm.name=Java HotSpot(TM) 64-Bit Server VM
2018-09-22 13:12:43,441 INFO o.a.j.JMeter: os.name=Windows 10
2018-09-22 13:12:43,441 INFO o.a.j.JMeter: os.arch=amd64
2018-09-22 13:12:43,441 INFO o.a.j.JMeter: os.version=10.0
2018-09-22 13:12:43,441 INFO o.a.j.JMeter: file.encoding=Cp1252
2018-09-22 13:12:43,441 INFO o.a.j.JMeter: Max memory     =948961280
2018-09-22 13:12:43,441 INFO o.a.j.JMeter: Available Processors =4
2018-09-22 13:12:43,488 INFO o.a.j.JMeter: Default Locale=English (United States)
2018-09-22 13:12:43,488 INFO o.a.j.JMeter: JMeter  Locale=English (United States)
2018-09-22 13:12:43,488 INFO o.a.j.JMeter: JMeterHome=F:\jmeter\apache-jmeter-5.0
2018-09-22 13:12:43,488 INFO o.a.j.JMeter: user.dir  =F:\jmeter\apache-jmeter-5.0\bin
2018-09-22 13:12:43,488 INFO o.a.j.JMeter: PWD       =F:\jmeter\apache-jmeter-5.0\bin
2018-09-22 13:12:43,488 INFO o.a.j.JMeter: IP: 192.168.1.16 Name: SONY-VAIO FullName: SONY-VAIO
2018-09-22 13:12:45,224 INFO o.a.j.g.a.LookAndFeelCommand: Installing Darcula LAF
2018-09-22 13:12:45,381 INFO o.a.j.g.a.LookAndFeelCommand: Using look and feel: com.bulenkov.darcula.DarculaLaf [Darcula]
2018-09-22 13:12:45,381 INFO o.a.j.JMeter: Setting LAF to: com.bulenkov.darcula.DarculaLaf
2018-09-22 13:12:46,131 INFO o.a.j.JMeter: Loaded icon properties from org/apache/jmeter/images/icon.properties
2018-09-22 13:12:47,334 INFO o.a.j.e.u.CompoundVariable: Note: Function class names must contain the string: '.functions.'
2018-09-22 13:12:47,334 INFO o.a.j.e.u.CompoundVariable: Note: Function class names must not contain the string: '.gui.'
2018-09-22 13:12:50,740 INFO o.a.j.p.h.s.HTTPSamplerBase: Parser for text/html is org.apache.jmeter.protocol.http.parser.LagartoBasedHtmlParser
2018-09-22 13:12:50,740 INFO o.a.j.p.h.s.HTTPSamplerBase: Parser for application/xhtml+xml is org.apache.jmeter.protocol.http.parser.LagartoBasedHtmlParser
2018-09-22 13:12:50,740 INFO o.a.j.p.h.s.HTTPSamplerBase: Parser for application/xml is org.apache.jmeter.protocol.http.parser.LagartoBasedHtmlParser
2018-09-22 13:12:50,740 INFO o.a.j.p.h.s.HTTPSamplerBase: Parser for text/xml is org.apache.jmeter.protocol.http.parser.LagartoBasedHtmlParser
2018-09-22 13:12:50,740 INFO o.a.j.p.h.s.HTTPSamplerBase: Parser for text/vnd.wap.wml is org.apache.jmeter.protocol.http.parser.RegexpHTMLParser
2018-09-22 13:12:50,740 INFO o.a.j.p.h.s.HTTPSamplerBase: Parser for text/css is org.apache.jmeter.protocol.http.parser.CssParser
2018-09-22 13:12:51,400 INFO o.a.j.e.KeyToolUtils: keytool found at 'keytool'
2018-09-22 13:12:51,400 INFO o.a.j.p.h.p.ProxyControl: HTTP(S) Test Script Recorder SSL Proxy will use keys that support embedded 3rd party resources in file F:\jmeter\apache-jmeter-5.0\bin\proxyserver.jks
2018-09-22 13:12:51,665 INFO o.a.j.s.FileServer: Default base='F:\jmeter\apache-jmeter-5.0\bin'
2018-09-22 13:12:52,681 INFO o.a.j.s.SampleResult: Note: Sample TimeStamps are START times
2018-09-22 13:12:52,681 INFO o.a.j.s.SampleResult: sampleresult.default.encoding is set to ISO-8859-1
2018-09-22 13:12:52,681 INFO o.a.j.s.SampleResult: sampleresult.useNanoTime=true
2018-09-22 13:12:52,681 INFO o.a.j.s.SampleResult: sampleresult.nanoThreadSleep=5000
