2018-09-17 23:58:36,446 [Worker-3] INFO  c.g.t.t.d.PublishedGradleVersions - Gradle version information cache is up-to-date. Trying to read.
2018-09-17 23:59:31,475 [Worker-13] INFO  o.e.m.c.i.p.ProjectConfigurationManager - Collecting project info '/pom.xml' F:\deeksha working\walletHubAssignment\FBuserInput\pom.xml
2018-09-17 23:59:33,381 [Worker-13] INFO  o.e.m.c.i.l.LifecycleMappingFactory - Using org.eclipse.m2e.jdt.JarLifecycleMapping lifecycle mapping for MavenProject: FBuserInput:FBuserInput:0.0.1-SNAPSHOT @ F:\deeksha working\walletHubAssignment\FBuserInput\pom.xml.
2018-09-17 23:59:34,864 [Worker-13] INFO  o.e.m.j.i.AbstractJavaProjectConfigurator - Adding source folder /FBuserInput/src/main/java
2018-09-17 23:59:34,870 [Worker-13] INFO  o.e.m.j.i.AbstractJavaProjectConfigurator - Adding source folder /FBuserInput/src/test/java
2018-09-17 23:59:36,354 [Worker-13] INFO  o.e.m.c.i.p.ProjectConfigurationManager - Imported and configured 1 project(s) in 4 sec
2018-09-17 23:59:37,146 [Worker-8] INFO  o.e.m.c.i.embedder.EclipseLogger - Using 'UTF-8' encoding to copy filtered resources.
2018-09-17 23:59:37,146 [Worker-8] INFO  o.e.m.c.i.embedder.EclipseLogger - skip non existing resourceDirectory F:\deeksha working\walletHubAssignment\FBuserInput\src\main\resources
2018-09-17 23:59:37,150 [Worker-8] INFO  o.e.m.c.i.embedder.EclipseLogger - Using 'UTF-8' encoding to copy filtered resources.
2018-09-17 23:59:37,151 [Worker-8] INFO  o.e.m.c.i.embedder.EclipseLogger - skip non existing resourceDirectory F:\deeksha working\walletHubAssignment\FBuserInput\src\test\resources
2018-09-18 00:01:02,370 [Worker-14] INFO  o.e.m.c.i.l.LifecycleMappingFactory - Using org.eclipse.m2e.jdt.JarLifecycleMapping lifecycle mapping for MavenProject: FBuserInput:FBuserInput:0.0.1-SNAPSHOT @ F:\deeksha working\walletHubAssignment\FBuserInput\pom.xml.
2018-09-18 00:01:03,016 [Worker-14] INFO  o.e.m.c.i.embedder.EclipseLogger - Using 'UTF-8' encoding to copy filtered resources.
2018-09-18 00:01:03,017 [Worker-14] INFO  o.e.m.c.i.embedder.EclipseLogger - skip non existing resourceDirectory F:\deeksha working\walletHubAssignment\FBuserInput\src\main\resources
2018-09-18 00:01:03,020 [Worker-14] INFO  o.e.m.c.i.embedder.EclipseLogger - Using 'UTF-8' encoding to copy filtered resources.
2018-09-18 00:01:03,020 [Worker-14] INFO  o.e.m.c.i.embedder.EclipseLogger - skip non existing resourceDirectory F:\deeksha working\walletHubAssignment\FBuserInput\src\test\resources
2018-09-18 00:01:05,596 [Worker-4] INFO  o.e.m.c.i.embedder.EclipseLogger - Using 'UTF-8' encoding to copy filtered resources.
2018-09-18 00:01:05,597 [Worker-4] INFO  o.e.m.c.i.embedder.EclipseLogger - skip non existing resourceDirectory F:\deeksha working\walletHubAssignment\FBuserInput\src\main\resources
2018-09-18 00:01:05,599 [Worker-4] INFO  o.e.m.c.i.embedder.EclipseLogger - Using 'UTF-8' encoding to copy filtered resources.
2018-09-18 00:01:05,599 [Worker-4] INFO  o.e.m.c.i.embedder.EclipseLogger - skip non existing resourceDirectory F:\deeksha working\walletHubAssignment\FBuserInput\src\test\resources
2018-09-18 00:01:13,548 [Worker-11] INFO  o.e.m.c.i.p.ProjectConfigurationManager - Update started
2018-09-18 00:01:14,348 [Worker-11] INFO  o.e.m.c.i.l.LifecycleMappingFactory - Using org.eclipse.m2e.jdt.JarLifecycleMapping lifecycle mapping for MavenProject: FBuserInput:FBuserInput:0.0.1-SNAPSHOT @ F:\deeksha working\walletHubAssignment\FBuserInput\pom.xml.
2018-09-18 00:01:15,410 [Worker-11] INFO  o.e.m.j.i.AbstractJavaProjectConfigurator - Adding source folder /FBuserInput/src/main/java
2018-09-18 00:01:15,412 [Worker-11] INFO  o.e.m.j.i.AbstractJavaProjectConfigurator - Adding source folder /FBuserInput/src/test/java
2018-09-18 00:01:15,631 [Worker-11] INFO  o.e.m.c.i.p.ProjectConfigurationManager - Update completed: 2 sec
2018-09-18 00:01:16,212 [Worker-11] INFO  o.e.m.c.i.embedder.EclipseLogger - Using 'UTF-8' encoding to copy filtered resources.
2018-09-18 00:01:16,212 [Worker-11] INFO  o.e.m.c.i.embedder.EclipseLogger - skip non existing resourceDirectory F:\deeksha working\walletHubAssignment\FBuserInput\src\main\resources
2018-09-18 00:01:16,217 [Worker-11] INFO  o.e.m.c.i.embedder.EclipseLogger - Using 'UTF-8' encoding to copy filtered resources.
2018-09-18 00:01:16,218 [Worker-11] INFO  o.e.m.c.i.embedder.EclipseLogger - skip non existing resourceDirectory F:\deeksha working\walletHubAssignment\FBuserInput\src\test\resources
2018-09-18 00:01:24,328 [Worker-6] INFO  o.e.m.c.i.embedder.EclipseLogger - Using 'UTF-8' encoding to copy filtered resources.
2018-09-18 00:01:24,329 [Worker-6] INFO  o.e.m.c.i.embedder.EclipseLogger - skip non existing resourceDirectory F:\deeksha working\walletHubAssignment\FBuserInput\src\main\resources
2018-09-18 00:01:24,331 [Worker-6] INFO  o.e.m.c.i.embedder.EclipseLogger - Using 'UTF-8' encoding to copy filtered resources.
2018-09-18 00:01:24,331 [Worker-6] INFO  o.e.m.c.i.embedder.EclipseLogger - skip non existing resourceDirectory F:\deeksha working\walletHubAssignment\FBuserInput\src\test\resources
2018-09-18 00:01:37,899 [Worker-14] INFO  o.e.m.c.i.embedder.EclipseLogger - Using 'UTF-8' encoding to copy filtered resources.
2018-09-18 00:01:37,899 [Worker-14] INFO  o.e.m.c.i.embedder.EclipseLogger - skip non existing resourceDirectory F:\deeksha working\walletHubAssignment\FBuserInput\src\main\resources
2018-09-18 00:01:37,901 [Worker-14] INFO  o.e.m.c.i.embedder.EclipseLogger - Using 'UTF-8' encoding to copy filtered resources.
2018-09-18 00:01:37,902 [Worker-14] INFO  o.e.m.c.i.embedder.EclipseLogger - skip non existing resourceDirectory F:\deeksha working\walletHubAssignment\FBuserInput\src\test\resources
2018-09-18 00:02:18,523 [Worker-4] INFO  o.e.m.c.i.embedder.EclipseLogger - Using 'UTF-8' encoding to copy filtered resources.
2018-09-18 00:02:18,523 [Worker-4] INFO  o.e.m.c.i.embedder.EclipseLogger - skip non existing resourceDirectory F:\deeksha working\walletHubAssignment\FBuserInput\src\main\resources
2018-09-18 00:02:18,525 [Worker-4] INFO  o.e.m.c.i.embedder.EclipseLogger - Using 'UTF-8' encoding to copy filtered resources.
2018-09-18 00:02:18,525 [Worker-4] INFO  o.e.m.c.i.embedder.EclipseLogger - skip non existing resourceDirectory F:\deeksha working\walletHubAssignment\FBuserInput\src\test\resources
2018-09-18 00:02:35,319 [Worker-14] INFO  o.e.m.c.i.embedder.EclipseLogger - Using 'UTF-8' encoding to copy filtered resources.
2018-09-18 00:02:35,319 [Worker-14] INFO  o.e.m.c.i.embedder.EclipseLogger - skip non existing resourceDirectory F:\deeksha working\walletHubAssignment\FBuserInput\src\main\resources
2018-09-18 00:02:35,322 [Worker-14] INFO  o.e.m.c.i.embedder.EclipseLogger - Using 'UTF-8' encoding to copy filtered resources.
2018-09-18 00:02:35,322 [Worker-14] INFO  o.e.m.c.i.embedder.EclipseLogger - skip non existing resourceDirectory F:\deeksha working\walletHubAssignment\FBuserInput\src\test\resources
2018-09-18 00:07:04,585 [Worker-16] INFO  o.e.m.c.i.embedder.EclipseLogger - Using 'UTF-8' encoding to copy filtered resources.
2018-09-18 00:07:04,585 [Worker-16] INFO  o.e.m.c.i.embedder.EclipseLogger - skip non existing resourceDirectory F:\deeksha working\walletHubAssignment\FBuserInput\src\main\resources
2018-09-18 00:07:04,588 [Worker-16] INFO  o.e.m.c.i.embedder.EclipseLogger - Using 'UTF-8' encoding to copy filtered resources.
2018-09-18 00:07:04,588 [Worker-16] INFO  o.e.m.c.i.embedder.EclipseLogger - skip non existing resourceDirectory F:\deeksha working\walletHubAssignment\FBuserInput\src\test\resources
2018-09-18 00:13:00,725 [Worker-18] INFO  o.e.m.c.i.embedder.EclipseLogger - Using 'UTF-8' encoding to copy filtered resources.
2018-09-18 00:13:00,725 [Worker-18] INFO  o.e.m.c.i.embedder.EclipseLogger - skip non existing resourceDirectory F:\deeksha working\walletHubAssignment\FBuserInput\src\main\resources
2018-09-18 00:13:00,727 [Worker-18] INFO  o.e.m.c.i.embedder.EclipseLogger - Using 'UTF-8' encoding to copy filtered resources.
2018-09-18 00:13:00,727 [Worker-18] INFO  o.e.m.c.i.embedder.EclipseLogger - skip non existing resourceDirectory F:\deeksha working\walletHubAssignment\FBuserInput\src\test\resources
2018-09-18 00:13:08,974 [Worker-17] INFO  o.e.m.c.i.embedder.EclipseLogger - Using 'UTF-8' encoding to copy filtered resources.
2018-09-18 00:13:08,974 [Worker-17] INFO  o.e.m.c.i.embedder.EclipseLogger - skip non existing resourceDirectory F:\deeksha working\walletHubAssignment\FBuserInput\src\main\resources
2018-09-18 00:13:08,977 [Worker-17] INFO  o.e.m.c.i.embedder.EclipseLogger - Using 'UTF-8' encoding to copy filtered resources.
2018-09-18 00:13:08,977 [Worker-17] INFO  o.e.m.c.i.embedder.EclipseLogger - skip non existing resourceDirectory F:\deeksha working\walletHubAssignment\FBuserInput\src\test\resources
2018-09-18 00:15:33,892 [Worker-21] INFO  o.e.m.c.i.embedder.EclipseLogger - Using 'UTF-8' encoding to copy filtered resources.
2018-09-18 00:15:33,893 [Worker-21] INFO  o.e.m.c.i.embedder.EclipseLogger - skip non existing resourceDirectory F:\deeksha working\walletHubAssignment\FBuserInput\src\main\resources
2018-09-18 00:15:33,894 [Worker-21] INFO  o.e.m.c.i.embedder.EclipseLogger - Using 'UTF-8' encoding to copy filtered resources.
2018-09-18 00:15:33,894 [Worker-21] INFO  o.e.m.c.i.embedder.EclipseLogger - skip non existing resourceDirectory F:\deeksha working\walletHubAssignment\FBuserInput\src\test\resources
2018-09-18 00:17:04,107 [Worker-20] INFO  o.e.m.c.i.embedder.EclipseLogger - Using 'UTF-8' encoding to copy filtered resources.
2018-09-18 00:17:04,108 [Worker-20] INFO  o.e.m.c.i.embedder.EclipseLogger - skip non existing resourceDirectory F:\deeksha working\walletHubAssignment\FBuserInput\src\main\resources
2018-09-18 00:17:04,109 [Worker-20] INFO  o.e.m.c.i.embedder.EclipseLogger - Using 'UTF-8' encoding to copy filtered resources.
2018-09-18 00:17:04,109 [Worker-20] INFO  o.e.m.c.i.embedder.EclipseLogger - skip non existing resourceDirectory F:\deeksha working\walletHubAssignment\FBuserInput\src\test\resources
2018-09-18 00:17:21,495 [Worker-18] INFO  o.e.m.c.i.embedder.EclipseLogger - Using 'UTF-8' encoding to copy filtered resources.
2018-09-18 00:17:21,495 [Worker-18] INFO  o.e.m.c.i.embedder.EclipseLogger - skip non existing resourceDirectory F:\deeksha working\walletHubAssignment\FBuserInput\src\main\resources
2018-09-18 00:17:21,497 [Worker-18] INFO  o.e.m.c.i.embedder.EclipseLogger - Using 'UTF-8' encoding to copy filtered resources.
2018-09-18 00:17:21,497 [Worker-18] INFO  o.e.m.c.i.embedder.EclipseLogger - skip non existing resourceDirectory F:\deeksha working\walletHubAssignment\FBuserInput\src\test\resources
2018-09-18 00:17:41,195 [Worker-19] INFO  o.e.m.c.i.embedder.EclipseLogger - Using 'UTF-8' encoding to copy filtered resources.
2018-09-18 00:17:41,196 [Worker-19] INFO  o.e.m.c.i.embedder.EclipseLogger - skip non existing resourceDirectory F:\deeksha working\walletHubAssignment\FBuserInput\src\main\resources
2018-09-18 00:17:41,197 [Worker-19] INFO  o.e.m.c.i.embedder.EclipseLogger - Using 'UTF-8' encoding to copy filtered resources.
2018-09-18 00:17:41,198 [Worker-19] INFO  o.e.m.c.i.embedder.EclipseLogger - skip non existing resourceDirectory F:\deeksha working\walletHubAssignment\FBuserInput\src\test\resources
2018-09-18 00:27:21,408 [Worker-24] INFO  o.e.m.c.i.embedder.EclipseLogger - Using 'UTF-8' encoding to copy filtered resources.
2018-09-18 00:27:21,408 [Worker-24] INFO  o.e.m.c.i.embedder.EclipseLogger - skip non existing resourceDirectory F:\deeksha working\walletHubAssignment\FBuserInput\src\main\resources
2018-09-18 00:27:21,411 [Worker-24] INFO  o.e.m.c.i.embedder.EclipseLogger - Using 'UTF-8' encoding to copy filtered resources.
2018-09-18 00:27:21,411 [Worker-24] INFO  o.e.m.c.i.embedder.EclipseLogger - skip non existing resourceDirectory F:\deeksha working\walletHubAssignment\FBuserInput\src\test\resources
2018-09-18 00:27:41,313 [Worker-12] INFO  o.e.m.c.i.embedder.EclipseLogger - Using 'UTF-8' encoding to copy filtered resources.
2018-09-18 00:27:41,313 [Worker-12] INFO  o.e.m.c.i.embedder.EclipseLogger - skip non existing resourceDirectory F:\deeksha working\walletHubAssignment\FBuserInput\src\main\resources
2018-09-18 00:27:41,314 [Worker-12] INFO  o.e.m.c.i.embedder.EclipseLogger - Using 'UTF-8' encoding to copy filtered resources.
2018-09-18 00:27:41,314 [Worker-12] INFO  o.e.m.c.i.embedder.EclipseLogger - skip non existing resourceDirectory F:\deeksha working\walletHubAssignment\FBuserInput\src\test\resources
2018-09-18 00:33:04,519 [Worker-25] INFO  o.e.m.c.i.embedder.EclipseLogger - Using 'UTF-8' encoding to copy filtered resources.
2018-09-18 00:33:04,519 [Worker-25] INFO  o.e.m.c.i.embedder.EclipseLogger - skip non existing resourceDirectory F:\deeksha working\walletHubAssignment\FBuserInput\src\main\resources
2018-09-18 00:33:04,520 [Worker-25] INFO  o.e.m.c.i.embedder.EclipseLogger - Using 'UTF-8' encoding to copy filtered resources.
2018-09-18 00:33:04,521 [Worker-25] INFO  o.e.m.c.i.embedder.EclipseLogger - skip non existing resourceDirectory F:\deeksha working\walletHubAssignment\FBuserInput\src\test\resources
2018-09-18 00:34:55,955 [Worker-20] INFO  o.e.m.c.i.embedder.EclipseLogger - Using 'UTF-8' encoding to copy filtered resources.
2018-09-18 00:34:55,956 [Worker-20] INFO  o.e.m.c.i.embedder.EclipseLogger - skip non existing resourceDirectory F:\deeksha working\walletHubAssignment\FBuserInput\src\main\resources
2018-09-18 00:34:55,983 [Worker-20] INFO  o.e.m.c.i.embedder.EclipseLogger - Using 'UTF-8' encoding to copy filtered resources.
2018-09-18 00:34:55,983 [Worker-20] INFO  o.e.m.c.i.embedder.EclipseLogger - skip non existing resourceDirectory F:\deeksha working\walletHubAssignment\FBuserInput\src\test\resources
2018-09-18 00:36:38,865 [Worker-26] INFO  o.e.m.c.i.embedder.EclipseLogger - Using 'UTF-8' encoding to copy filtered resources.
2018-09-18 00:36:38,866 [Worker-26] INFO  o.e.m.c.i.embedder.EclipseLogger - skip non existing resourceDirectory F:\deeksha working\walletHubAssignment\FBuserInput\src\main\resources
2018-09-18 00:36:38,867 [Worker-26] INFO  o.e.m.c.i.embedder.EclipseLogger - Using 'UTF-8' encoding to copy filtered resources.
2018-09-18 00:36:38,867 [Worker-26] INFO  o.e.m.c.i.embedder.EclipseLogger - skip non existing resourceDirectory F:\deeksha working\walletHubAssignment\FBuserInput\src\test\resources
2018-09-18 00:39:47,430 [Worker-27] INFO  o.e.m.c.i.embedder.EclipseLogger - Using 'UTF-8' encoding to copy filtered resources.
2018-09-18 00:39:47,431 [Worker-27] INFO  o.e.m.c.i.embedder.EclipseLogger - skip non existing resourceDirectory F:\deeksha working\walletHubAssignment\FBuserInput\src\main\resources
2018-09-18 00:39:47,433 [Worker-27] INFO  o.e.m.c.i.embedder.EclipseLogger - Using 'UTF-8' encoding to copy filtered resources.
2018-09-18 00:39:47,434 [Worker-27] INFO  o.e.m.c.i.embedder.EclipseLogger - skip non existing resourceDirectory F:\deeksha working\walletHubAssignment\FBuserInput\src\test\resources
2018-09-18 00:40:03,138 [Worker-22] INFO  o.e.m.c.i.embedder.EclipseLogger - Using 'UTF-8' encoding to copy filtered resources.
2018-09-18 00:40:03,138 [Worker-22] INFO  o.e.m.c.i.embedder.EclipseLogger - skip non existing resourceDirectory F:\deeksha working\walletHubAssignment\FBuserInput\src\main\resources
2018-09-18 00:40:03,139 [Worker-22] INFO  o.e.m.c.i.embedder.EclipseLogger - Using 'UTF-8' encoding to copy filtered resources.
2018-09-18 00:40:03,140 [Worker-22] INFO  o.e.m.c.i.embedder.EclipseLogger - skip non existing resourceDirectory F:\deeksha working\walletHubAssignment\FBuserInput\src\test\resources
2018-09-18 22:01:28,952 [Worker-4] INFO  c.g.t.t.d.PublishedGradleVersions - Gradle version information cache is out-of-date. Trying to update.
2018-09-18 22:01:40,730 [Worker-3] INFO  o.e.m.c.i.l.LifecycleMappingFactory - Using org.eclipse.m2e.jdt.JarLifecycleMapping lifecycle mapping for MavenProject: FBuserInput:FBuserInput:0.0.1-SNAPSHOT @ F:\deeksha working\walletHubAssignment\FBuserInput\pom.xml.
2018-09-18 22:01:44,877 [Worker-3] INFO  o.e.m.c.i.embedder.EclipseLogger - Using 'UTF-8' encoding to copy filtered resources.
2018-09-18 22:01:44,878 [Worker-3] INFO  o.e.m.c.i.embedder.EclipseLogger - skip non existing resourceDirectory F:\deeksha working\walletHubAssignment\FBuserInput\src\main\resources
2018-09-18 22:01:45,431 [Worker-3] INFO  o.e.m.c.i.embedder.EclipseLogger - Using 'UTF-8' encoding to copy filtered resources.
2018-09-18 22:01:45,431 [Worker-3] INFO  o.e.m.c.i.embedder.EclipseLogger - skip non existing resourceDirectory F:\deeksha working\walletHubAssignment\FBuserInput\src\test\resources
2018-09-18 22:01:45,436 [Worker-15] INFO  o.e.m.c.i.l.LifecycleMappingFactory - Using org.eclipse.m2e.jdt.JarLifecycleMapping lifecycle mapping for MavenProject: FBuserInput:FBuserInput:0.0.1-SNAPSHOT @ F:\deeksha working\walletHubAssignment\FBuserInput\pom.xml.
2018-09-18 22:01:47,268 [Worker-4] INFO  o.e.m.c.i.embedder.EclipseLogger - Using 'UTF-8' encoding to copy filtered resources.
2018-09-18 22:01:47,269 [Worker-4] INFO  o.e.m.c.i.embedder.EclipseLogger - skip non existing resourceDirectory F:\deeksha working\walletHubAssignment\FBuserInput\src\main\resources
2018-09-18 22:01:47,271 [Worker-4] INFO  o.e.m.c.i.embedder.EclipseLogger - Using 'UTF-8' encoding to copy filtered resources.
2018-09-18 22:01:47,271 [Worker-4] INFO  o.e.m.c.i.embedder.EclipseLogger - skip non existing resourceDirectory F:\deeksha working\walletHubAssignment\FBuserInput\src\test\resources
2018-09-18 22:12:46,620 [Worker-20] INFO  o.e.m.c.i.embedder.EclipseLogger - Using 'UTF-8' encoding to copy filtered resources.
2018-09-18 22:12:46,620 [Worker-20] INFO  o.e.m.c.i.embedder.EclipseLogger - skip non existing resourceDirectory F:\deeksha working\walletHubAssignment\FBuserInput\src\main\resources
2018-09-18 22:12:46,622 [Worker-20] INFO  o.e.m.c.i.embedder.EclipseLogger - Using 'UTF-8' encoding to copy filtered resources.
2018-09-18 22:12:46,623 [Worker-20] INFO  o.e.m.c.i.embedder.EclipseLogger - skip non existing resourceDirectory F:\deeksha working\walletHubAssignment\FBuserInput\src\test\resources
2018-09-18 22:14:00,230 [Worker-21] INFO  o.e.m.c.i.embedder.EclipseLogger - Using 'UTF-8' encoding to copy filtered resources.
2018-09-18 22:14:00,230 [Worker-21] INFO  o.e.m.c.i.embedder.EclipseLogger - skip non existing resourceDirectory F:\deeksha working\walletHubAssignment\FBuserInput\src\main\resources
2018-09-18 22:14:00,232 [Worker-21] INFO  o.e.m.c.i.embedder.EclipseLogger - Using 'UTF-8' encoding to copy filtered resources.
2018-09-18 22:14:00,232 [Worker-21] INFO  o.e.m.c.i.embedder.EclipseLogger - skip non existing resourceDirectory F:\deeksha working\walletHubAssignment\FBuserInput\src\test\resources
2018-09-18 22:16:26,997 [Worker-21] INFO  o.e.m.c.i.embedder.EclipseLogger - Using 'UTF-8' encoding to copy filtered resources.
2018-09-18 22:16:26,997 [Worker-21] INFO  o.e.m.c.i.embedder.EclipseLogger - skip non existing resourceDirectory F:\deeksha working\walletHubAssignment\FBuserInput\src\main\resources
2018-09-18 22:16:27,000 [Worker-21] INFO  o.e.m.c.i.embedder.EclipseLogger - Using 'UTF-8' encoding to copy filtered resources.
2018-09-18 22:16:27,000 [Worker-21] INFO  o.e.m.c.i.embedder.EclipseLogger - skip non existing resourceDirectory F:\deeksha working\walletHubAssignment\FBuserInput\src\test\resources
2018-09-18 22:17:23,635 [Worker-19] INFO  o.e.m.c.i.embedder.EclipseLogger - Using 'UTF-8' encoding to copy filtered resources.
2018-09-18 22:17:23,636 [Worker-19] INFO  o.e.m.c.i.embedder.EclipseLogger - skip non existing resourceDirectory F:\deeksha working\walletHubAssignment\FBuserInput\src\main\resources
2018-09-18 22:17:23,638 [Worker-19] INFO  o.e.m.c.i.embedder.EclipseLogger - Using 'UTF-8' encoding to copy filtered resources.
2018-09-18 22:17:23,638 [Worker-19] INFO  o.e.m.c.i.embedder.EclipseLogger - skip non existing resourceDirectory F:\deeksha working\walletHubAssignment\FBuserInput\src\test\resources
2018-09-18 22:19:30,202 [Worker-22] INFO  o.e.m.c.i.embedder.EclipseLogger - Using 'UTF-8' encoding to copy filtered resources.
2018-09-18 22:19:30,202 [Worker-22] INFO  o.e.m.c.i.embedder.EclipseLogger - skip non existing resourceDirectory F:\deeksha working\walletHubAssignment\FBuserInput\src\main\resources
2018-09-18 22:19:30,204 [Worker-22] INFO  o.e.m.c.i.embedder.EclipseLogger - Using 'UTF-8' encoding to copy filtered resources.
2018-09-18 22:19:30,204 [Worker-22] INFO  o.e.m.c.i.embedder.EclipseLogger - skip non existing resourceDirectory F:\deeksha working\walletHubAssignment\FBuserInput\src\test\resources
2018-09-18 22:26:14,330 [Worker-26] INFO  o.e.m.c.i.embedder.EclipseLogger - Using 'UTF-8' encoding to copy filtered resources.
2018-09-18 22:26:14,330 [Worker-26] INFO  o.e.m.c.i.embedder.EclipseLogger - skip non existing resourceDirectory F:\deeksha working\walletHubAssignment\FBuserInput\src\main\resources
2018-09-18 22:26:14,330 [Worker-26] INFO  o.e.m.c.i.embedder.EclipseLogger - Using 'UTF-8' encoding to copy filtered resources.
2018-09-18 22:26:14,330 [Worker-26] INFO  o.e.m.c.i.embedder.EclipseLogger - skip non existing resourceDirectory F:\deeksha working\walletHubAssignment\FBuserInput\src\test\resources
2018-09-18 22:26:42,069 [Worker-25] INFO  o.e.m.c.i.embedder.EclipseLogger - Using 'UTF-8' encoding to copy filtered resources.
2018-09-18 22:26:42,069 [Worker-25] INFO  o.e.m.c.i.embedder.EclipseLogger - skip non existing resourceDirectory F:\deeksha working\walletHubAssignment\FBuserInput\src\main\resources
2018-09-18 22:26:42,069 [Worker-25] INFO  o.e.m.c.i.embedder.EclipseLogger - Using 'UTF-8' encoding to copy filtered resources.
2018-09-18 22:26:42,085 [Worker-25] INFO  o.e.m.c.i.embedder.EclipseLogger - skip non existing resourceDirectory F:\deeksha working\walletHubAssignment\FBuserInput\src\test\resources
2018-09-18 22:27:02,191 [Worker-26] INFO  o.e.m.c.i.embedder.EclipseLogger - Using 'UTF-8' encoding to copy filtered resources.
2018-09-18 22:27:02,191 [Worker-26] INFO  o.e.m.c.i.embedder.EclipseLogger - skip non existing resourceDirectory F:\deeksha working\walletHubAssignment\FBuserInput\src\main\resources
2018-09-18 22:27:02,191 [Worker-26] INFO  o.e.m.c.i.embedder.EclipseLogger - Using 'UTF-8' encoding to copy filtered resources.
2018-09-18 22:27:02,191 [Worker-26] INFO  o.e.m.c.i.embedder.EclipseLogger - skip non existing resourceDirectory F:\deeksha working\walletHubAssignment\FBuserInput\src\test\resources
2018-09-18 22:27:07,594 [Worker-27] INFO  o.e.m.c.i.embedder.EclipseLogger - Using 'UTF-8' encoding to copy filtered resources.
2018-09-18 22:27:07,595 [Worker-27] INFO  o.e.m.c.i.embedder.EclipseLogger - skip non existing resourceDirectory F:\deeksha working\walletHubAssignment\FBuserInput\src\main\resources
2018-09-18 22:27:07,597 [Worker-27] INFO  o.e.m.c.i.embedder.EclipseLogger - Using 'UTF-8' encoding to copy filtered resources.
2018-09-18 22:27:07,597 [Worker-27] INFO  o.e.m.c.i.embedder.EclipseLogger - skip non existing resourceDirectory F:\deeksha working\walletHubAssignment\FBuserInput\src\test\resources
2018-09-18 22:28:38,472 [Worker-27] INFO  o.e.m.c.i.embedder.EclipseLogger - Using 'UTF-8' encoding to copy filtered resources.
2018-09-18 22:28:38,473 [Worker-27] INFO  o.e.m.c.i.embedder.EclipseLogger - skip non existing resourceDirectory F:\deeksha working\walletHubAssignment\FBuserInput\src\main\resources
2018-09-18 22:28:38,475 [Worker-27] INFO  o.e.m.c.i.embedder.EclipseLogger - Using 'UTF-8' encoding to copy filtered resources.
2018-09-18 22:28:38,475 [Worker-27] INFO  o.e.m.c.i.embedder.EclipseLogger - skip non existing resourceDirectory F:\deeksha working\walletHubAssignment\FBuserInput\src\test\resources
2018-09-18 22:42:45,769 [Worker-36] INFO  o.e.m.c.i.embedder.EclipseLogger - Using 'UTF-8' encoding to copy filtered resources.
2018-09-18 22:42:45,770 [Worker-36] INFO  o.e.m.c.i.embedder.EclipseLogger - skip non existing resourceDirectory F:\deeksha working\walletHubAssignment\FBuserInput\src\main\resources
2018-09-18 22:42:45,771 [Worker-36] INFO  o.e.m.c.i.embedder.EclipseLogger - Using 'UTF-8' encoding to copy filtered resources.
2018-09-18 22:42:45,771 [Worker-36] INFO  o.e.m.c.i.embedder.EclipseLogger - skip non existing resourceDirectory F:\deeksha working\walletHubAssignment\FBuserInput\src\test\resources
2018-09-18 22:46:58,042 [Worker-32] INFO  o.e.m.c.i.embedder.EclipseLogger - Using 'UTF-8' encoding to copy filtered resources.
2018-09-18 22:46:58,043 [Worker-32] INFO  o.e.m.c.i.embedder.EclipseLogger - skip non existing resourceDirectory F:\deeksha working\walletHubAssignment\FBuserInput\src\main\resources
2018-09-18 22:46:58,044 [Worker-32] INFO  o.e.m.c.i.embedder.EclipseLogger - Using 'UTF-8' encoding to copy filtered resources.
2018-09-18 22:46:58,044 [Worker-32] INFO  o.e.m.c.i.embedder.EclipseLogger - skip non existing resourceDirectory F:\deeksha working\walletHubAssignment\FBuserInput\src\test\resources
2018-09-18 22:49:23,871 [Worker-40] INFO  o.e.m.c.i.embedder.EclipseLogger - Using 'UTF-8' encoding to copy filtered resources.
2018-09-18 22:49:23,872 [Worker-40] INFO  o.e.m.c.i.embedder.EclipseLogger - skip non existing resourceDirectory F:\deeksha working\walletHubAssignment\FBuserInput\src\main\resources
2018-09-18 22:49:23,873 [Worker-40] INFO  o.e.m.c.i.embedder.EclipseLogger - Using 'UTF-8' encoding to copy filtered resources.
2018-09-18 22:49:23,873 [Worker-40] INFO  o.e.m.c.i.embedder.EclipseLogger - skip non existing resourceDirectory F:\deeksha working\walletHubAssignment\FBuserInput\src\test\resources
2018-09-18 22:51:42,801 [Worker-42] INFO  o.e.m.c.i.embedder.EclipseLogger - Using 'UTF-8' encoding to copy filtered resources.
2018-09-18 22:51:42,801 [Worker-42] INFO  o.e.m.c.i.embedder.EclipseLogger - skip non existing resourceDirectory F:\deeksha working\walletHubAssignment\FBuserInput\src\main\resources
2018-09-18 22:51:42,874 [Worker-42] INFO  o.e.m.c.i.embedder.EclipseLogger - Using 'UTF-8' encoding to copy filtered resources.
2018-09-18 22:51:42,874 [Worker-42] INFO  o.e.m.c.i.embedder.EclipseLogger - skip non existing resourceDirectory F:\deeksha working\walletHubAssignment\FBuserInput\src\test\resources
2018-09-18 22:58:27,362 [Worker-41] INFO  o.e.m.c.i.embedder.EclipseLogger - Using 'UTF-8' encoding to copy filtered resources.
2018-09-18 22:58:27,362 [Worker-41] INFO  o.e.m.c.i.embedder.EclipseLogger - skip non existing resourceDirectory F:\deeksha working\walletHubAssignment\FBuserInput\src\main\resources
2018-09-18 22:58:27,363 [Worker-41] INFO  o.e.m.c.i.embedder.EclipseLogger - Using 'UTF-8' encoding to copy filtered resources.
2018-09-18 22:58:27,363 [Worker-41] INFO  o.e.m.c.i.embedder.EclipseLogger - skip non existing resourceDirectory F:\deeksha working\walletHubAssignment\FBuserInput\src\test\resources
2018-09-18 23:09:51,100 [Worker-47] INFO  o.e.m.c.i.embedder.EclipseLogger - Using 'UTF-8' encoding to copy filtered resources.
2018-09-18 23:09:51,101 [Worker-47] INFO  o.e.m.c.i.embedder.EclipseLogger - skip non existing resourceDirectory F:\deeksha working\walletHubAssignment\FBuserInput\src\main\resources
2018-09-18 23:09:51,102 [Worker-47] INFO  o.e.m.c.i.embedder.EclipseLogger - Using 'UTF-8' encoding to copy filtered resources.
2018-09-18 23:09:51,103 [Worker-47] INFO  o.e.m.c.i.embedder.EclipseLogger - skip non existing resourceDirectory F:\deeksha working\walletHubAssignment\FBuserInput\src\test\resources
2018-09-18 23:16:14,244 [Worker-50] INFO  o.e.m.c.i.embedder.EclipseLogger - Using 'UTF-8' encoding to copy filtered resources.
2018-09-18 23:16:14,261 [Worker-50] INFO  o.e.m.c.i.embedder.EclipseLogger - skip non existing resourceDirectory F:\deeksha working\walletHubAssignment\FBuserInput\src\main\resources
2018-09-18 23:16:14,263 [Worker-50] INFO  o.e.m.c.i.embedder.EclipseLogger - Using 'UTF-8' encoding to copy filtered resources.
2018-09-18 23:16:14,263 [Worker-50] INFO  o.e.m.c.i.embedder.EclipseLogger - skip non existing resourceDirectory F:\deeksha working\walletHubAssignment\FBuserInput\src\test\resources
2018-09-18 23:22:34,617 [Worker-53] INFO  o.e.m.c.i.embedder.EclipseLogger - Using 'UTF-8' encoding to copy filtered resources.
2018-09-18 23:22:34,617 [Worker-53] INFO  o.e.m.c.i.embedder.EclipseLogger - skip non existing resourceDirectory F:\deeksha working\walletHubAssignment\FBuserInput\src\main\resources
2018-09-18 23:22:34,619 [Worker-53] INFO  o.e.m.c.i.embedder.EclipseLogger - Using 'UTF-8' encoding to copy filtered resources.
2018-09-18 23:22:34,619 [Worker-53] INFO  o.e.m.c.i.embedder.EclipseLogger - skip non existing resourceDirectory F:\deeksha working\walletHubAssignment\FBuserInput\src\test\resources
2018-09-18 23:23:08,540 [Worker-55] INFO  o.e.m.c.i.embedder.EclipseLogger - Using 'UTF-8' encoding to copy filtered resources.
2018-09-18 23:23:08,540 [Worker-55] INFO  o.e.m.c.i.embedder.EclipseLogger - skip non existing resourceDirectory F:\deeksha working\walletHubAssignment\FBuserInput\src\main\resources
2018-09-18 23:23:08,543 [Worker-55] INFO  o.e.m.c.i.embedder.EclipseLogger - Using 'UTF-8' encoding to copy filtered resources.
2018-09-18 23:23:08,543 [Worker-55] INFO  o.e.m.c.i.embedder.EclipseLogger - skip non existing resourceDirectory F:\deeksha working\walletHubAssignment\FBuserInput\src\test\resources
2018-09-18 23:23:23,123 [Worker-54] INFO  o.e.m.c.i.embedder.EclipseLogger - Using 'UTF-8' encoding to copy filtered resources.
2018-09-18 23:23:23,123 [Worker-54] INFO  o.e.m.c.i.embedder.EclipseLogger - skip non existing resourceDirectory F:\deeksha working\walletHubAssignment\FBuserInput\src\main\resources
2018-09-18 23:23:23,125 [Worker-54] INFO  o.e.m.c.i.embedder.EclipseLogger - Using 'UTF-8' encoding to copy filtered resources.
2018-09-18 23:23:23,125 [Worker-54] INFO  o.e.m.c.i.embedder.EclipseLogger - skip non existing resourceDirectory F:\deeksha working\walletHubAssignment\FBuserInput\src\test\resources
2018-09-18 23:42:34,801 [Worker-58] INFO  o.e.m.c.i.embedder.EclipseLogger - Using 'UTF-8' encoding to copy filtered resources.
2018-09-18 23:42:34,829 [Worker-58] INFO  o.e.m.c.i.embedder.EclipseLogger - skip non existing resourceDirectory F:\deeksha working\walletHubAssignment\FBuserInput\src\main\resources
2018-09-18 23:42:34,831 [Worker-58] INFO  o.e.m.c.i.embedder.EclipseLogger - Using 'UTF-8' encoding to copy filtered resources.
2018-09-18 23:42:34,831 [Worker-58] INFO  o.e.m.c.i.embedder.EclipseLogger - skip non existing resourceDirectory F:\deeksha working\walletHubAssignment\FBuserInput\src\test\resources
2018-09-18 23:43:31,477 [Worker-63] INFO  o.e.m.c.i.embedder.EclipseLogger - Using 'UTF-8' encoding to copy filtered resources.
2018-09-18 23:43:31,477 [Worker-63] INFO  o.e.m.c.i.embedder.EclipseLogger - skip non existing resourceDirectory F:\deeksha working\walletHubAssignment\FBuserInput\src\main\resources
2018-09-18 23:43:31,479 [Worker-63] INFO  o.e.m.c.i.embedder.EclipseLogger - Using 'UTF-8' encoding to copy filtered resources.
2018-09-18 23:43:31,479 [Worker-63] INFO  o.e.m.c.i.embedder.EclipseLogger - skip non existing resourceDirectory F:\deeksha working\walletHubAssignment\FBuserInput\src\test\resources
2018-09-18 23:43:52,457 [Worker-61] INFO  o.e.m.c.i.embedder.EclipseLogger - Using 'UTF-8' encoding to copy filtered resources.
2018-09-18 23:43:52,457 [Worker-61] INFO  o.e.m.c.i.embedder.EclipseLogger - skip non existing resourceDirectory F:\deeksha working\walletHubAssignment\FBuserInput\src\main\resources
2018-09-18 23:43:52,458 [Worker-61] INFO  o.e.m.c.i.embedder.EclipseLogger - Using 'UTF-8' encoding to copy filtered resources.
2018-09-18 23:43:52,458 [Worker-61] INFO  o.e.m.c.i.embedder.EclipseLogger - skip non existing resourceDirectory F:\deeksha working\walletHubAssignment\FBuserInput\src\test\resources
2018-09-18 23:47:28,981 [Worker-62] INFO  o.e.m.c.i.embedder.EclipseLogger - Using 'UTF-8' encoding to copy filtered resources.
2018-09-18 23:47:28,981 [Worker-62] INFO  o.e.m.c.i.embedder.EclipseLogger - skip non existing resourceDirectory F:\deeksha working\walletHubAssignment\FBuserInput\src\main\resources
2018-09-18 23:47:29,110 [Worker-62] INFO  o.e.m.c.i.embedder.EclipseLogger - Using 'UTF-8' encoding to copy filtered resources.
2018-09-18 23:47:29,111 [Worker-62] INFO  o.e.m.c.i.embedder.EclipseLogger - skip non existing resourceDirectory F:\deeksha working\walletHubAssignment\FBuserInput\src\test\resources
2018-09-19 23:08:40,042 [Worker-3] INFO  c.g.t.t.d.PublishedGradleVersions - Gradle version information cache is out-of-date. Trying to update.
2018-09-19 23:12:02,350 [Worker-16] INFO  o.e.m.c.i.embedder.EclipseLogger - Using 'UTF-8' encoding to copy filtered resources.
2018-09-19 23:12:02,351 [Worker-16] INFO  o.e.m.c.i.embedder.EclipseLogger - skip non existing resourceDirectory F:\deeksha working\walletHubAssignment\FBuserInput\src\main\resources
2018-09-19 23:12:02,355 [Worker-16] INFO  o.e.m.c.i.embedder.EclipseLogger - Using 'UTF-8' encoding to copy filtered resources.
2018-09-19 23:12:02,355 [Worker-16] INFO  o.e.m.c.i.embedder.EclipseLogger - skip non existing resourceDirectory F:\deeksha working\walletHubAssignment\FBuserInput\src\test\resources
2018-09-19 23:14:41,311 [Worker-17] INFO  o.e.m.c.i.embedder.EclipseLogger - Using 'UTF-8' encoding to copy filtered resources.
2018-09-19 23:14:41,312 [Worker-17] INFO  o.e.m.c.i.embedder.EclipseLogger - skip non existing resourceDirectory F:\deeksha working\walletHubAssignment\FBuserInput\src\main\resources
2018-09-19 23:14:41,314 [Worker-17] INFO  o.e.m.c.i.embedder.EclipseLogger - Using 'UTF-8' encoding to copy filtered resources.
2018-09-19 23:14:41,315 [Worker-17] INFO  o.e.m.c.i.embedder.EclipseLogger - skip non existing resourceDirectory F:\deeksha working\walletHubAssignment\FBuserInput\src\test\resources
2018-09-19 23:15:55,928 [Worker-0] INFO  o.e.m.c.i.embedder.EclipseLogger - Using 'UTF-8' encoding to copy filtered resources.
2018-09-19 23:15:55,928 [Worker-0] INFO  o.e.m.c.i.embedder.EclipseLogger - skip non existing resourceDirectory F:\deeksha working\walletHubAssignment\FBuserInput\src\main\resources
2018-09-19 23:15:55,930 [Worker-0] INFO  o.e.m.c.i.embedder.EclipseLogger - Using 'UTF-8' encoding to copy filtered resources.
2018-09-19 23:15:55,930 [Worker-0] INFO  o.e.m.c.i.embedder.EclipseLogger - skip non existing resourceDirectory F:\deeksha working\walletHubAssignment\FBuserInput\src\test\resources
2018-09-19 23:16:59,311 [Worker-16] INFO  o.e.m.c.i.embedder.EclipseLogger - Using 'UTF-8' encoding to copy filtered resources.
2018-09-19 23:16:59,311 [Worker-16] INFO  o.e.m.c.i.embedder.EclipseLogger - skip non existing resourceDirectory F:\deeksha working\walletHubAssignment\FBuserInput\src\main\resources
2018-09-19 23:16:59,313 [Worker-16] INFO  o.e.m.c.i.embedder.EclipseLogger - Using 'UTF-8' encoding to copy filtered resources.
2018-09-19 23:16:59,314 [Worker-16] INFO  o.e.m.c.i.embedder.EclipseLogger - skip non existing resourceDirectory F:\deeksha working\walletHubAssignment\FBuserInput\src\test\resources
2018-09-19 23:18:22,251 [Worker-19] INFO  o.e.m.c.i.embedder.EclipseLogger - Using 'UTF-8' encoding to copy filtered resources.
2018-09-19 23:18:22,251 [Worker-19] INFO  o.e.m.c.i.embedder.EclipseLogger - skip non existing resourceDirectory F:\deeksha working\walletHubAssignment\FBuserInput\src\main\resources
2018-09-19 23:18:22,253 [Worker-19] INFO  o.e.m.c.i.embedder.EclipseLogger - Using 'UTF-8' encoding to copy filtered resources.
2018-09-19 23:18:22,253 [Worker-19] INFO  o.e.m.c.i.embedder.EclipseLogger - skip non existing resourceDirectory F:\deeksha working\walletHubAssignment\FBuserInput\src\test\resources
2018-09-19 23:20:46,891 [Worker-17] INFO  o.e.m.c.i.embedder.EclipseLogger - Using 'UTF-8' encoding to copy filtered resources.
2018-09-19 23:20:46,892 [Worker-17] INFO  o.e.m.c.i.embedder.EclipseLogger - skip non existing resourceDirectory F:\deeksha working\walletHubAssignment\FBuserInput\src\main\resources
2018-09-19 23:20:46,894 [Worker-17] INFO  o.e.m.c.i.embedder.EclipseLogger - Using 'UTF-8' encoding to copy filtered resources.
2018-09-19 23:20:46,894 [Worker-17] INFO  o.e.m.c.i.embedder.EclipseLogger - skip non existing resourceDirectory F:\deeksha working\walletHubAssignment\FBuserInput\src\test\resources
2018-09-19 23:20:54,149 [Worker-6] INFO  o.e.m.c.i.embedder.EclipseLogger - Using 'UTF-8' encoding to copy filtered resources.
2018-09-19 23:20:54,149 [Worker-6] INFO  o.e.m.c.i.embedder.EclipseLogger - skip non existing resourceDirectory F:\deeksha working\walletHubAssignment\FBuserInput\src\main\resources
2018-09-19 23:20:54,151 [Worker-6] INFO  o.e.m.c.i.embedder.EclipseLogger - Using 'UTF-8' encoding to copy filtered resources.
2018-09-19 23:20:54,152 [Worker-6] INFO  o.e.m.c.i.embedder.EclipseLogger - skip non existing resourceDirectory F:\deeksha working\walletHubAssignment\FBuserInput\src\test\resources
2018-09-19 23:21:15,149 [Worker-17] INFO  o.e.m.c.i.embedder.EclipseLogger - Using 'UTF-8' encoding to copy filtered resources.
2018-09-19 23:21:15,149 [Worker-17] INFO  o.e.m.c.i.embedder.EclipseLogger - skip non existing resourceDirectory F:\deeksha working\walletHubAssignment\FBuserInput\src\main\resources
2018-09-19 23:21:15,153 [Worker-17] INFO  o.e.m.c.i.embedder.EclipseLogger - Using 'UTF-8' encoding to copy filtered resources.
2018-09-19 23:21:15,154 [Worker-17] INFO  o.e.m.c.i.embedder.EclipseLogger - skip non existing resourceDirectory F:\deeksha working\walletHubAssignment\FBuserInput\src\test\resources
2018-09-19 23:25:36,378 [Worker-19] INFO  o.e.m.c.i.embedder.EclipseLogger - Using 'UTF-8' encoding to copy filtered resources.
2018-09-19 23:25:36,379 [Worker-19] INFO  o.e.m.c.i.embedder.EclipseLogger - skip non existing resourceDirectory F:\deeksha working\walletHubAssignment\FBuserInput\src\main\resources
2018-09-19 23:25:36,380 [Worker-19] INFO  o.e.m.c.i.embedder.EclipseLogger - Using 'UTF-8' encoding to copy filtered resources.
2018-09-19 23:25:36,380 [Worker-19] INFO  o.e.m.c.i.embedder.EclipseLogger - skip non existing resourceDirectory F:\deeksha working\walletHubAssignment\FBuserInput\src\test\resources
